Starting Dynare (version 4.5.5).
Starting preprocessing of the model file ...
Found 21 equation(s).
Evaluating expressions...done
Computing static model derivatives:
 - order 1
Computing dynamic model derivatives:
 - order 1
Processing outputs ...
done
Preprocessing completed.

STEADY-STATE RESULTS:

a1     		 1
c1     		 0.0280584
k1     		 1
i1     		 0.025
a2     		 1
c2     		 0.0280584
k2     		 1
i2     		 0.025
a3     		 1
c3     		 0.0280584
k3     		 1
i3     		 0.025
a4     		 1
c4     		 0.0280584
k4     		 1
i4     		 0.025
a5     		 1
c5     		 0.0280584
k5     		 1
i5     		 0.025
lambda 		 1

EIGENVALUES:
         Modulus             Real        Imaginary

          0.8972           0.8972                0
          0.8972           0.8972                0
          0.8972           0.8972                0
          0.8972           0.8972                0
            0.95             0.95                0
            0.95             0.95                0
            0.95             0.95                0
            0.95             0.95                0
            0.95             0.95                0
          0.9928           0.9928                0
           1.017            1.017                0
           1.126            1.126                0
           1.126            1.126                0
           1.126            1.126                0
           1.126            1.126                0
       2.691e+16       -2.691e+16                0
       4.953e+16        4.953e+16                0
       5.216e+16       -5.216e+16                0
        7.32e+16         7.32e+16                0
       3.991e+17       -3.991e+17                0
       1.859e+35        1.859e+35                0


There are 11 eigenvalue(s) larger than 1 in modulus 
for 11 forward-looking variable(s)

The rank condition is verified.


MODEL SUMMARY

  Number of variables:         21
  Number of stochastic shocks: 6
  Number of state variables:   10
  Number of jumpers:           11
  Number of static variables:  5


MATRIX OF COVARIANCE OF EXOGENOUS SHOCKS
Variables          e1        e2        e3        e4        e5         e
e1           1.000000  0.000000  0.000000  0.000000  0.000000  0.000000
e2           0.000000  1.000000  0.000000  0.000000  0.000000  0.000000
e3           0.000000  0.000000  1.000000  0.000000  0.000000  0.000000
e4           0.000000  0.000000  0.000000  1.000000  0.000000  0.000000
e5           0.000000  0.000000  0.000000  0.000000  1.000000  0.000000
e            0.000000  0.000000  0.000000  0.000000  0.000000  1.000000

POLICY AND TRANSITION FUNCTIONS
                                  a1              c1              k1              i1              a2              c2              k2              i2              a3              c3              k3              i3              a4              c4              k4              i4              a5              c5              k5              i5          lambda
Constant                    1.000000        0.028058        1.000000        0.025000        1.000000        0.028058        1.000000        0.025000        1.000000        0.028058        1.000000        0.025000        1.000000        0.028058        1.000000        0.025000        1.000000        0.028058        1.000000        0.025000        1.000000
k1(-1)                             0        0.001973        0.916349       -0.058651               0        0.002713        0.019123        0.019123               0        0.003452        0.019123        0.019123               0        0.004192        0.019123        0.019123               0        0.004932        0.019123        0.019123       -0.175771
k2(-1)                             0        0.001973        0.019123        0.019123               0        0.002713        0.916349       -0.058651               0        0.003452        0.019123        0.019123               0        0.004192        0.019123        0.019123               0        0.004932        0.019123        0.019123       -0.175771
k3(-1)                             0        0.001973        0.019123        0.019123               0        0.002713        0.019123        0.019123               0        0.003452        0.916349       -0.058651               0        0.004192        0.019123        0.019123               0        0.004932        0.019123        0.019123       -0.175771
k4(-1)                             0        0.001973        0.019123        0.019123               0        0.002713        0.019123        0.019123               0        0.003452        0.019123        0.019123               0        0.004192        0.916349       -0.058651               0        0.004932        0.019123        0.019123       -0.175771
k5(-1)                             0        0.001973        0.019123        0.019123               0        0.002713        0.019123        0.019123               0        0.003452        0.019123        0.019123               0        0.004192        0.019123        0.019123               0        0.004932        0.916349       -0.058651       -0.175771
a1(-1)                      0.950000        0.000510        0.087405        0.087405               0        0.000701       -0.016303       -0.016303               0        0.000893       -0.016303       -0.016303               0        0.001084       -0.016303       -0.016303               0        0.001275       -0.016303       -0.016303       -0.045441
a2(-1)                             0        0.000510       -0.016303       -0.016303        0.950000        0.000701        0.087405        0.087405               0        0.000893       -0.016303       -0.016303               0        0.001084       -0.016303       -0.016303               0        0.001275       -0.016303       -0.016303       -0.045441
a3(-1)                             0        0.000510       -0.016303       -0.016303               0        0.000701       -0.016303       -0.016303        0.950000        0.000893        0.087405        0.087405               0        0.001084       -0.016303       -0.016303               0        0.001275       -0.016303       -0.016303       -0.045441
a4(-1)                             0        0.000510       -0.016303       -0.016303               0        0.000701       -0.016303       -0.016303               0        0.000893       -0.016303       -0.016303        0.950000        0.001084        0.087405        0.087405               0        0.001275       -0.016303       -0.016303       -0.045441
a5(-1)                             0        0.000510       -0.016303       -0.016303               0        0.000701       -0.016303       -0.016303               0        0.000893       -0.016303       -0.016303               0        0.001084       -0.016303       -0.016303        0.950000        0.001275        0.087405        0.087405       -0.045441
e1                          0.010000        0.000005        0.000920        0.000920               0        0.000007       -0.000172       -0.000172               0        0.000009       -0.000172       -0.000172               0        0.000011       -0.000172       -0.000172               0        0.000013       -0.000172       -0.000172       -0.000478
e2                                 0        0.000005       -0.000172       -0.000172        0.010000        0.000007        0.000920        0.000920               0        0.000009       -0.000172       -0.000172               0        0.000011       -0.000172       -0.000172               0        0.000013       -0.000172       -0.000172       -0.000478
e3                                 0        0.000005       -0.000172       -0.000172               0        0.000007       -0.000172       -0.000172        0.010000        0.000009        0.000920        0.000920               0        0.000011       -0.000172       -0.000172               0        0.000013       -0.000172       -0.000172       -0.000478
e4                                 0        0.000005       -0.000172       -0.000172               0        0.000007       -0.000172       -0.000172               0        0.000009       -0.000172       -0.000172        0.010000        0.000011        0.000920        0.000920               0        0.000013       -0.000172       -0.000172       -0.000478
e5                                 0        0.000005       -0.000172       -0.000172               0        0.000007       -0.000172       -0.000172               0        0.000009       -0.000172       -0.000172               0        0.000011       -0.000172       -0.000172        0.010000        0.000013        0.000920        0.000920       -0.000478
e                           0.010000        0.000027        0.000234        0.000234        0.010000        0.000037        0.000234        0.000234        0.010000        0.000047        0.000234        0.000234        0.010000        0.000057        0.000234        0.000234        0.010000        0.000067        0.000234        0.000234       -0.002392


THEORETICAL MOMENTS
VARIABLE         MEAN  STD. DEV.   VARIANCE
a1             1.0000     0.0453     0.0021
c1             0.0281     0.0004     0.0000
k1             1.0000     0.0473     0.0022
i1             0.0250     0.0023     0.0000
a2             1.0000     0.0453     0.0021
c2             0.0281     0.0006     0.0000
k2             1.0000     0.0473     0.0022
i2             0.0250     0.0023     0.0000
a3             1.0000     0.0453     0.0021
c3             0.0281     0.0008     0.0000
k3             1.0000     0.0473     0.0022
i3             0.0250     0.0023     0.0000
a4             1.0000     0.0453     0.0021
c4             0.0281     0.0009     0.0000
k4             1.0000     0.0473     0.0022
i4             0.0250     0.0023     0.0000
a5             1.0000     0.0453     0.0021
c5             0.0281     0.0011     0.0000
k5             1.0000     0.0473     0.0022
i5             0.0250     0.0023     0.0000
lambda         1.0000     0.0389     0.0015



VARIANCE DECOMPOSITION (in percent)
              e1      e2      e3      e4      e5       e
a1         50.00    0.00    0.00    0.00    0.00   50.00
c1          3.33    3.33    3.33    3.33    3.33   83.33
k1         32.88    1.80    1.80    1.80    1.80   59.92
i1         65.21    2.56    2.56    2.56    2.56   24.54
a2          0.00   50.00    0.00    0.00    0.00   50.00
c2          3.33    3.33    3.33    3.33    3.33   83.33
k2          1.80   32.88    1.80    1.80    1.80   59.92
i2          2.56   65.21    2.56    2.56    2.56   24.54
a3          0.00    0.00   50.00    0.00    0.00   50.00
c3          3.33    3.33    3.33    3.33    3.33   83.33
k3          1.80    1.80   32.88    1.80    1.80   59.92
i3          2.56    2.56   65.21    2.56    2.56   24.54
a4          0.00    0.00    0.00   50.00    0.00   50.00
c4          3.33    3.33    3.33    3.33    3.33   83.33
k4          1.80    1.80    1.80   32.88    1.80   59.92
i4          2.56    2.56    2.56   65.21    2.56   24.54
a5          0.00    0.00    0.00    0.00   50.00   50.00
c5          3.33    3.33    3.33    3.33    3.33   83.33
k5          1.80    1.80    1.80    1.80   32.88   59.92
i5          2.56    2.56    2.56    2.56   65.21   24.54
lambda      3.33    3.33    3.33    3.33    3.33   83.33



MATRIX OF CORRELATIONS
Variables        a1      c1      k1      i1      a2      c2      k2      i2      a3      c3      k3      i3      a4      c4      k4      i4      a5      c5      k5      i5  lambda
a1           1.0000  0.4065  0.5192  0.7811  0.5000  0.4065  0.1654  0.2488  0.5000  0.4065  0.1654  0.2488  0.5000  0.4065  0.1654  0.2488  0.5000  0.4065  0.1654  0.2488 -0.4065
c1           0.4065  1.0000  0.8335  0.4876  0.4065  1.0000  0.8335  0.4876  0.4065  1.0000  0.8335  0.4876  0.4065  1.0000  0.8335  0.4876  0.4065  1.0000  0.8335  0.4876 -1.0000
k1           0.5192  0.8335  1.0000  0.5281  0.1654  0.8335  0.6488  0.3296  0.1654  0.8335  0.6488  0.3296  0.1654  0.8335  0.6488  0.3296  0.1654  0.8335  0.6488  0.3296 -0.8335
i1           0.7811  0.4876  0.5281  1.0000  0.2488  0.4876  0.3296  0.1181  0.2488  0.4876  0.3296  0.1181  0.2488  0.4876  0.3296  0.1181  0.2488  0.4876  0.3296  0.1181 -0.4876
a2           0.5000  0.4065  0.1654  0.2488  1.0000  0.4065  0.5192  0.7811  0.5000  0.4065  0.1654  0.2488  0.5000  0.4065  0.1654  0.2488  0.5000  0.4065  0.1654  0.2488 -0.4065
c2           0.4065  1.0000  0.8335  0.4876  0.4065  1.0000  0.8335  0.4876  0.4065  1.0000  0.8335  0.4876  0.4065  1.0000  0.8335  0.4876  0.4065  1.0000  0.8335  0.4876 -1.0000
k2           0.1654  0.8335  0.6488  0.3296  0.5192  0.8335  1.0000  0.5281  0.1654  0.8335  0.6488  0.3296  0.1654  0.8335  0.6488  0.3296  0.1654  0.8335  0.6488  0.3296 -0.8335
i2           0.2488  0.4876  0.3296  0.1181  0.7811  0.4876  0.5281  1.0000  0.2488  0.4876  0.3296  0.1181  0.2488  0.4876  0.3296  0.1181  0.2488  0.4876  0.3296  0.1181 -0.4876
a3           0.5000  0.4065  0.1654  0.2488  0.5000  0.4065  0.1654  0.2488  1.0000  0.4065  0.5192  0.7811  0.5000  0.4065  0.1654  0.2488  0.5000  0.4065  0.1654  0.2488 -0.4065
c3           0.4065  1.0000  0.8335  0.4876  0.4065  1.0000  0.8335  0.4876  0.4065  1.0000  0.8335  0.4876  0.4065  1.0000  0.8335  0.4876  0.4065  1.0000  0.8335  0.4876 -1.0000
k3           0.1654  0.8335  0.6488  0.3296  0.1654  0.8335  0.6488  0.3296  0.5192  0.8335  1.0000  0.5281  0.1654  0.8335  0.6488  0.3296  0.1654  0.8335  0.6488  0.3296 -0.8335
i3           0.2488  0.4876  0.3296  0.1181  0.2488  0.4876  0.3296  0.1181  0.7811  0.4876  0.5281  1.0000  0.2488  0.4876  0.3296  0.1181  0.2488  0.4876  0.3296  0.1181 -0.4876
a4           0.5000  0.4065  0.1654  0.2488  0.5000  0.4065  0.1654  0.2488  0.5000  0.4065  0.1654  0.2488  1.0000  0.4065  0.5192  0.7811  0.5000  0.4065  0.1654  0.2488 -0.4065
c4           0.4065  1.0000  0.8335  0.4876  0.4065  1.0000  0.8335  0.4876  0.4065  1.0000  0.8335  0.4876  0.4065  1.0000  0.8335  0.4876  0.4065  1.0000  0.8335  0.4876 -1.0000
k4           0.1654  0.8335  0.6488  0.3296  0.1654  0.8335  0.6488  0.3296  0.1654  0.8335  0.6488  0.3296  0.5192  0.8335  1.0000  0.5281  0.1654  0.8335  0.6488  0.3296 -0.8335
i4           0.2488  0.4876  0.3296  0.1181  0.2488  0.4876  0.3296  0.1181  0.2488  0.4876  0.3296  0.1181  0.7811  0.4876  0.5281  1.0000  0.2488  0.4876  0.3296  0.1181 -0.4876
a5           0.5000  0.4065  0.1654  0.2488  0.5000  0.4065  0.1654  0.2488  0.5000  0.4065  0.1654  0.2488  0.5000  0.4065  0.1654  0.2488  1.0000  0.4065  0.5192  0.7811 -0.4065
c5           0.4065  1.0000  0.8335  0.4876  0.4065  1.0000  0.8335  0.4876  0.4065  1.0000  0.8335  0.4876  0.4065  1.0000  0.8335  0.4876  0.4065  1.0000  0.8335  0.4876 -1.0000
k5           0.1654  0.8335  0.6488  0.3296  0.1654  0.8335  0.6488  0.3296  0.1654  0.8335  0.6488  0.3296  0.1654  0.8335  0.6488  0.3296  0.5192  0.8335  1.0000  0.5281 -0.8335
i5           0.2488  0.4876  0.3296  0.1181  0.2488  0.4876  0.3296  0.1181  0.2488  0.4876  0.3296  0.1181  0.2488  0.4876  0.3296  0.1181  0.7811  0.4876  0.5281  1.0000 -0.4876
lambda      -0.4065 -1.0000 -0.8335 -0.4876 -0.4065 -1.0000 -0.8335 -0.4876 -0.4065 -1.0000 -0.8335 -0.4876 -0.4065 -1.0000 -0.8335 -0.4876 -0.4065 -1.0000 -0.8335 -0.4876  1.0000



COEFFICIENTS OF AUTOCORRELATION
Order          1       2       3       4       5
a1        0.9500  0.9025  0.8574  0.8145  0.7738
c1        0.9977  0.9952  0.9924  0.9895  0.9864
k1        0.9991  0.9966  0.9928  0.9878  0.9818
i1        0.8986  0.8085  0.7282  0.6569  0.5936
a2        0.9500  0.9025  0.8574  0.8145  0.7738
c2        0.9977  0.9952  0.9924  0.9895  0.9864
k2        0.9991  0.9966  0.9928  0.9878  0.9818
i2        0.8986  0.8085  0.7282  0.6569  0.5936
a3        0.9500  0.9025  0.8574  0.8145  0.7738
c3        0.9977  0.9952  0.9924  0.9895  0.9864
k3        0.9991  0.9966  0.9928  0.9878  0.9818
i3        0.8986  0.8085  0.7282  0.6569  0.5936
a4        0.9500  0.9025  0.8574  0.8145  0.7738
c4        0.9977  0.9952  0.9924  0.9895  0.9864
k4        0.9991  0.9966  0.9928  0.9878  0.9818
i4        0.8986  0.8085  0.7282  0.6569  0.5936
a5        0.9500  0.9025  0.8574  0.8145  0.7738
c5        0.9977  0.9952  0.9924  0.9895  0.9864
k5        0.9991  0.9966  0.9928  0.9878  0.9818
i5        0.8986  0.8085  0.7282  0.6569  0.5936
lambda    0.9977  0.9952  0.9924  0.9895  0.9864
Total computing time : 0h00m00s
