Starting Dynare (version 4.5.5).
Starting preprocessing of the model file ...
Found 2 equation(s).
Evaluating expressions...done
Computing static model derivatives:
 - order 1
Computing dynamic model derivatives:
 - order 1
Processing outputs ...
done
Preprocessing completed.

STEADY-STATE RESULTS:

c 		 5.93625
k 		 47.3903

--------------------------------------------------------
MODEL SIMULATION:

Iter: 1,	 err. = 1.3768, 	 time = 0.015037
Iter: 2,	 err. = 0.00056308, 	 time = 0.003755
Iter: 3,	 err. = 1.6082e-09, 	 time = 0.003223

Total time of simulation: 0.033238
--------------------------------------------------------

Perfect foresight solution found.

Total computing time : 0h00m01s
