Starting Dynare (version 4.5.5).
Starting preprocessing of the model file ...
WARNING: rbc_unexpected.mod:61.1-12: periods: this command is now deprecated and may be removed in a future version of Dynare. Please use the ''periods'' option of the ''simul'' command instead.
Found 6 equation(s).
Evaluating expressions...done
Computing static model derivatives:
 - order 1
Computing dynamic model derivatives:
 - order 1
Processing outputs ...
done
Preprocessing completed.

STEADY-STATE RESULTS:

k 		 19.2817
y 		 1.6493
L 		 0.31956
c 		 1.26366
A 		 1
a 		 0

--------------------------------------------------------
MODEL SIMULATION:

Iter: 1,	 err. = 0.1, 	 time = 0.019286
Iter: 2,	 err. = 0.044429, 	 time = 0.007933
Iter: 3,	 err. = 5.201e-05, 	 time = 0.008831
Iter: 4,	 err. = 1.2153e-10, 	 time = 0.008272

Total time of simulation: 0.053268
--------------------------------------------------------

Perfect foresight solution found.


--------------------------------------------------------
MODEL SIMULATION:

Iter: 1,	 err. = 0.1, 	 time = 0.016639
Iter: 2,	 err. = 0.029415, 	 time = 0.013759
Iter: 3,	 err. = 2.7205e-05, 	 time = 0.011587
Iter: 4,	 err. = 7.0797e-12, 	 time = 0.010881

Total time of simulation: 0.066568
--------------------------------------------------------

Perfect foresight solution found.

Total computing time : 0h00m01s
Note: 1 warning(s) encountered in the preprocessor
