Starting Dynare (version 4.5.5).
Starting preprocessing of the model file ...
Found 6 equation(s).
Evaluating expressions...done
Computing static model derivatives:
 - order 1
Computing dynamic model derivatives:
 - order 1
Processing outputs ...
done
Preprocessing completed.

STEADY-STATE RESULTS:

k 		 19.2817
y 		 1.6493
L 		 0.31956
c 		 1.26366
A 		 1
a 		 0

STEADY-STATE RESULTS:

k 		 20.8938
y 		 1.78719
L 		 0.321197
c 		 1.36931
A 		 1.05
a 		 0.0487902

--------------------------------------------------------
MODEL SIMULATION:

Iter: 1,	 err. = 1.5798, 	 time = 0.020027
Iter: 2,	 err. = 0.011089, 	 time = 0.007854
Iter: 3,	 err. = 5.6961e-06, 	 time = 0.009

Total time of simulation: 0.041672
--------------------------------------------------------

Perfect foresight solution found.

Total computing time : 0h00m01s
